<?xml version="1.0" encoding="UTF-8"?>
<coverage generated="1610145630623" clover="3.2.0">
  <project timestamp="1610145630623" name="All files">
    <metrics statements="55" coveredstatements="54" conditionals="18" coveredconditionals="18" methods="23" coveredmethods="22" elements="96" coveredelements="94" complexity="0" loc="55" ncloc="55" packages="3" files="8" classes="8"/>
    <package name="src">
      <metrics statements="1" coveredstatements="1" conditionals="0" coveredconditionals="0" methods="0" coveredmethods="0"/>
      <file name="App.vue" path="/Users/stuartharper/Documents/repos/vue-cert/src/App.vue">
        <metrics statements="1" coveredstatements="1" conditionals="0" coveredconditionals="0" methods="0" coveredmethods="0"/>
        <line num="9" count="1" type="stmt"/>
      </file>
    </package>
    <package name="src.components">
      <metrics statements="9" coveredstatements="9" conditionals="4" coveredconditionals="4" methods="5" coveredmethods="5"/>
      <file name="Favorited.vue" path="/Users/stuartharper/Documents/repos/vue-cert/src/components/Favorited.vue">
        <metrics statements="3" coveredstatements="3" conditionals="2" coveredconditionals="2" methods="3" coveredmethods="3"/>
        <line num="9" count="2" type="stmt"/>
        <line num="19" count="161" type="stmt"/>
        <line num="25" count="2" type="cond" truecount="2" falsecount="0"/>
      </file>
      <file name="SearchBar.vue" path="/Users/stuartharper/Documents/repos/vue-cert/src/components/SearchBar.vue">
        <metrics statements="4" coveredstatements="4" conditionals="2" coveredconditionals="2" methods="2" coveredmethods="2"/>
        <line num="17" count="16" type="stmt"/>
        <line num="23" count="3" type="stmt"/>
        <line num="24" count="3" type="stmt"/>
        <line num="25" count="4" type="cond" truecount="2" falsecount="0"/>
      </file>
      <file name="SearchResultsAside.vue" path="/Users/stuartharper/Documents/repos/vue-cert/src/components/SearchResultsAside.vue">
        <metrics statements="1" coveredstatements="1" conditionals="0" coveredconditionals="0" methods="0" coveredmethods="0"/>
        <line num="18" count="2" type="stmt"/>
      </file>
      <file name="VideoPlayer.vue" path="/Users/stuartharper/Documents/repos/vue-cert/src/components/VideoPlayer.vue">
        <metrics statements="1" coveredstatements="1" conditionals="0" coveredconditionals="0" methods="0" coveredmethods="0"/>
        <line num="14" count="2" type="stmt"/>
      </file>
    </package>
    <package name="src.views">
      <metrics statements="45" coveredstatements="44" conditionals="14" coveredconditionals="14" methods="18" coveredmethods="17"/>
      <file name="Favorites.vue" path="/Users/stuartharper/Documents/repos/vue-cert/src/views/Favorites.vue">
        <metrics statements="22" coveredstatements="22" conditionals="10" coveredconditionals="10" methods="11" coveredmethods="11"/>
        <line num="22" count="1" type="stmt"/>
        <line num="23" count="1" type="stmt"/>
        <line num="24" count="1" type="stmt"/>
        <line num="25" count="1" type="stmt"/>
        <line num="27" count="1" type="stmt"/>
        <line num="29" count="35" type="cond" truecount="2" falsecount="0"/>
        <line num="36" count="3" type="cond" truecount="2" falsecount="0"/>
        <line num="43" count="2" type="stmt"/>
        <line num="46" count="2" type="stmt"/>
        <line num="51" count="1" type="stmt"/>
        <line num="52" count="5" type="stmt"/>
        <line num="54" count="5" type="cond" truecount="2" falsecount="0"/>
        <line num="55" count="22" type="cond" truecount="2" falsecount="0"/>
        <line num="60" count="5" type="cond" truecount="2" falsecount="0"/>
        <line num="61" count="2" type="stmt"/>
        <line num="64" count="5" type="stmt"/>
        <line num="76" count="1" type="stmt"/>
        <line num="80" count="7" type="stmt"/>
        <line num="88" count="1" type="stmt"/>
        <line num="89" count="1" type="stmt"/>
        <line num="92" count="1" type="stmt"/>
        <line num="95" count="5" type="stmt"/>
      </file>
      <file name="Landing.vue" path="/Users/stuartharper/Documents/repos/vue-cert/src/views/Landing.vue">
        <metrics statements="17" coveredstatements="16" conditionals="4" coveredconditionals="4" methods="5" coveredmethods="4"/>
        <line num="49" count="1" type="stmt"/>
        <line num="54" count="5" type="stmt"/>
        <line num="65" count="58" type="stmt"/>
        <line num="66" count="58" type="stmt"/>
        <line num="67" count="58" type="stmt"/>
        <line num="68" count="58" type="stmt"/>
        <line num="70" count="58" type="cond" truecount="2" falsecount="0"/>
        <line num="71" count="28" type="stmt"/>
        <line num="72" count="28" type="stmt"/>
        <line num="75" count="58" type="cond" truecount="2" falsecount="0"/>
        <line num="76" count="46" type="stmt"/>
        <line num="77" count="46" type="stmt"/>
        <line num="82" count="1" type="stmt"/>
        <line num="83" count="1" type="stmt"/>
        <line num="84" count="0" type="stmt"/>
        <line num="88" count="1" type="stmt"/>
        <line num="89" count="1" type="stmt"/>
      </file>
      <file name="Search.vue" path="/Users/stuartharper/Documents/repos/vue-cert/src/views/Search.vue">
        <metrics statements="6" coveredstatements="6" conditionals="0" coveredconditionals="0" methods="2" coveredmethods="2"/>
        <line num="13" count="1" type="stmt"/>
        <line num="14" count="1" type="stmt"/>
        <line num="15" count="1" type="stmt"/>
        <line num="16" count="1" type="stmt"/>
        <line num="26" count="6" type="stmt"/>
        <line num="34" count="3" type="stmt"/>
      </file>
    </package>
  </project>
</coverage>
