<?xml version="1.0" encoding="UTF-8"?>
<coverage generated="1609968163260" clover="3.2.0">
  <project timestamp="1609968163261" name="All files">
    <metrics statements="18" coveredstatements="13" conditionals="4" coveredconditionals="4" methods="5" coveredmethods="2" elements="27" coveredelements="19" complexity="0" loc="18" ncloc="18" packages="2" files="2" classes="2"/>
    <package name="src">
      <metrics statements="1" coveredstatements="1" conditionals="0" coveredconditionals="0" methods="0" coveredmethods="0"/>
      <file name="App.vue" path="/Users/stuartharper/Documents/repos/vue-cert/src/App.vue">
        <metrics statements="1" coveredstatements="1" conditionals="0" coveredconditionals="0" methods="0" coveredmethods="0"/>
        <line num="9" count="1" type="stmt"/>
      </file>
    </package>
    <package name="src.views">
      <metrics statements="17" coveredstatements="12" conditionals="4" coveredconditionals="4" methods="5" coveredmethods="2"/>
      <file name="Landing.vue" path="/Users/stuartharper/Documents/repos/vue-cert/src/views/Landing.vue">
        <metrics statements="17" coveredstatements="12" conditionals="4" coveredconditionals="4" methods="5" coveredmethods="2"/>
        <line num="49" count="1" type="stmt"/>
        <line num="54" count="2" type="stmt"/>
        <line num="65" count="56" type="stmt"/>
        <line num="66" count="56" type="stmt"/>
        <line num="67" count="56" type="stmt"/>
        <line num="68" count="56" type="stmt"/>
        <line num="70" count="56" type="cond" truecount="2" falsecount="0"/>
        <line num="71" count="28" type="stmt"/>
        <line num="72" count="28" type="stmt"/>
        <line num="75" count="56" type="cond" truecount="2" falsecount="0"/>
        <line num="76" count="45" type="stmt"/>
        <line num="77" count="45" type="stmt"/>
        <line num="82" count="0" type="stmt"/>
        <line num="83" count="0" type="stmt"/>
        <line num="84" count="0" type="stmt"/>
        <line num="85" count="0" type="stmt"/>
        <line num="89" count="0" type="stmt"/>
      </file>
    </package>
  </project>
</coverage>
