{"/Users/stuartharper/Documents/repos/vue-cert/src/App.vue": {"path":"/Users/stuartharper/Documents/repos/vue-cert/src/App.vue","statementMap":{"0":{"start":{"line":9,"column":0},"end":{"line":9,"column":null}}},"fnMap":{},"branchMap":{},"s":{"0":1},"f":{},"b":{}}
,"/Users/stuartharper/Documents/repos/vue-cert/src/components/Favorited.vue": {"path":"/Users/stuartharper/Documents/repos/vue-cert/src/components/Favorited.vue","statementMap":{"0":{"start":{"line":9,"column":0},"end":{"line":9,"column":null}},"1":{"start":{"line":19,"column":0},"end":{"line":19,"column":null}},"2":{"start":{"line":25,"column":0},"end":{"line":25,"column":null}}},"fnMap":{"0":{"name":"(anonymous_1)","decl":{"start":{"line":18,"column":0},"end":{"line":18,"column":null}},"loc":{"start":{"line":18,"column":0},"end":{"line":20,"column":null}}},"1":{"name":"(anonymous_2)","decl":{"start":{"line":19,"column":0},"end":{"line":19,"column":null}},"loc":{"start":{"line":19,"column":0},"end":{"line":19,"column":null}}},"2":{"name":"(anonymous_3)","decl":{"start":{"line":24,"column":0},"end":{"line":24,"column":null}},"loc":{"start":{"line":24,"column":0},"end":{"line":26,"column":null}}}},"branchMap":{"0":{"loc":{"start":{"line":25,"column":0},"end":{"line":25,"column":null}},"type":"cond-expr","locations":[{"start":{"line":25,"column":0},"end":{"line":25,"column":null}},{"start":{"line":25,"column":0},"end":{"line":25,"column":null}}]}},"s":{"0":2,"1":161,"2":2},"f":{"0":69,"1":92,"2":2},"b":{"0":[1,1]}}
,"/Users/stuartharper/Documents/repos/vue-cert/src/components/SearchBar.vue": {"path":"/Users/stuartharper/Documents/repos/vue-cert/src/components/SearchBar.vue","statementMap":{"0":{"start":{"line":17,"column":0},"end":{"line":17,"column":null}},"1":{"start":{"line":23,"column":0},"end":{"line":23,"column":null}},"2":{"start":{"line":24,"column":0},"end":{"line":24,"column":null}},"3":{"start":{"line":25,"column":0},"end":{"line":25,"column":null}}},"fnMap":{"0":{"name":"(anonymous_1)","decl":{"start":{"line":16,"column":0},"end":{"line":16,"column":null}},"loc":{"start":{"line":16,"column":0},"end":{"line":20,"column":null}}},"1":{"name":"(anonymous_2)","decl":{"start":{"line":22,"column":0},"end":{"line":22,"column":null}},"loc":{"start":{"line":22,"column":0},"end":{"line":26,"column":null}}}},"branchMap":{"0":{"loc":{"start":{"line":25,"column":0},"end":{"line":25,"column":null}},"type":"if","locations":[{"start":{"line":25,"column":0},"end":{"line":25,"column":null}},{"start":{"line":25,"column":0},"end":{"line":25,"column":null}}]}},"s":{"0":16,"1":3,"2":3,"3":4},"f":{"0":16,"1":3},"b":{"0":[1,2]}}
,"/Users/stuartharper/Documents/repos/vue-cert/src/components/SearchResultsAside.vue": {"path":"/Users/stuartharper/Documents/repos/vue-cert/src/components/SearchResultsAside.vue","statementMap":{"0":{"start":{"line":18,"column":0},"end":{"line":18,"column":null}}},"fnMap":{},"branchMap":{},"s":{"0":2},"f":{},"b":{}}
,"/Users/stuartharper/Documents/repos/vue-cert/src/components/VideoPlayer.vue": {"path":"/Users/stuartharper/Documents/repos/vue-cert/src/components/VideoPlayer.vue","statementMap":{"0":{"start":{"line":14,"column":0},"end":{"line":14,"column":null}}},"fnMap":{},"branchMap":{},"s":{"0":2},"f":{},"b":{}}
,"/Users/stuartharper/Documents/repos/vue-cert/src/views/Favorites.vue": {"path":"/Users/stuartharper/Documents/repos/vue-cert/src/views/Favorites.vue","statementMap":{"0":{"start":{"line":22,"column":0},"end":{"line":22,"column":null}},"1":{"start":{"line":23,"column":0},"end":{"line":23,"column":null}},"2":{"start":{"line":24,"column":0},"end":{"line":24,"column":null}},"3":{"start":{"line":25,"column":0},"end":{"line":25,"column":null}},"4":{"start":{"line":27,"column":0},"end":{"line":27,"column":null}},"5":{"start":{"line":29,"column":0},"end":{"line":29,"column":null}},"6":{"start":{"line":36,"column":0},"end":{"line":36,"column":null}},"7":{"start":{"line":43,"column":0},"end":{"line":43,"column":null}},"8":{"start":{"line":46,"column":0},"end":{"line":46,"column":null}},"9":{"start":{"line":51,"column":0},"end":{"line":65,"column":null}},"10":{"start":{"line":52,"column":0},"end":{"line":52,"column":null}},"11":{"start":{"line":54,"column":0},"end":{"line":58,"column":null}},"12":{"start":{"line":55,"column":0},"end":{"line":55,"column":null}},"13":{"start":{"line":60,"column":0},"end":{"line":62,"column":null}},"14":{"start":{"line":61,"column":0},"end":{"line":61,"column":null}},"15":{"start":{"line":64,"column":0},"end":{"line":64,"column":null}},"16":{"start":{"line":76,"column":0},"end":{"line":76,"column":null}},"17":{"start":{"line":80,"column":0},"end":{"line":80,"column":null}},"18":{"start":{"line":88,"column":0},"end":{"line":88,"column":null}},"19":{"start":{"line":89,"column":0},"end":{"line":89,"column":null}},"20":{"start":{"line":92,"column":0},"end":{"line":92,"column":null}},"21":{"start":{"line":95,"column":0},"end":{"line":95,"column":null}}},"fnMap":{"0":{"name":"(anonymous_1)","decl":{"start":{"line":28,"column":0},"end":{"line":28,"column":null}},"loc":{"start":{"line":28,"column":0},"end":{"line":34,"column":null}}},"1":{"name":"(anonymous_2)","decl":{"start":{"line":35,"column":0},"end":{"line":35,"column":null}},"loc":{"start":{"line":35,"column":0},"end":{"line":41,"column":null}}},"2":{"name":"(anonymous_3)","decl":{"start":{"line":42,"column":0},"end":{"line":42,"column":null}},"loc":{"start":{"line":42,"column":0},"end":{"line":44,"column":null}}},"3":{"name":"(anonymous_4)","decl":{"start":{"line":45,"column":0},"end":{"line":45,"column":null}},"loc":{"start":{"line":45,"column":0},"end":{"line":47,"column":null}}},"4":{"name":"(anonymous_5)","decl":{"start":{"line":51,"column":0},"end":{"line":51,"column":null}},"loc":{"start":{"line":51,"column":0},"end":{"line":65,"column":null}}},"5":{"name":"(anonymous_6)","decl":{"start":{"line":55,"column":0},"end":{"line":55,"column":null}},"loc":{"start":{"line":55,"column":0},"end":{"line":55,"column":null}}},"6":{"name":"(anonymous_7)","decl":{"start":{"line":75,"column":0},"end":{"line":75,"column":null}},"loc":{"start":{"line":75,"column":0},"end":{"line":77,"column":null}}},"7":{"name":"(anonymous_8)","decl":{"start":{"line":79,"column":0},"end":{"line":79,"column":null}},"loc":{"start":{"line":79,"column":0},"end":{"line":85,"column":null}}},"8":{"name":"(anonymous_9)","decl":{"start":{"line":87,"column":0},"end":{"line":87,"column":null}},"loc":{"start":{"line":87,"column":0},"end":{"line":90,"column":null}}},"9":{"name":"(anonymous_10)","decl":{"start":{"line":91,"column":0},"end":{"line":91,"column":null}},"loc":{"start":{"line":91,"column":0},"end":{"line":93,"column":null}}},"10":{"name":"(anonymous_11)","decl":{"start":{"line":94,"column":0},"end":{"line":94,"column":null}},"loc":{"start":{"line":94,"column":0},"end":{"line":96,"column":null}}}},"branchMap":{"0":{"loc":{"start":{"line":29,"column":0},"end":{"line":29,"column":null}},"type":"cond-expr","locations":[{"start":{"line":29,"column":0},"end":{"line":29,"column":null}},{"start":{"line":29,"column":0},"end":{"line":29,"column":null}}]},"1":{"loc":{"start":{"line":36,"column":0},"end":{"line":36,"column":null}},"type":"cond-expr","locations":[{"start":{"line":36,"column":0},"end":{"line":36,"column":null}},{"start":{"line":36,"column":0},"end":{"line":36,"column":null}}]},"2":{"loc":{"start":{"line":54,"column":0},"end":{"line":58,"column":null}},"type":"if","locations":[{"start":{"line":54,"column":0},"end":{"line":58,"column":null}},{"start":{"line":54,"column":0},"end":{"line":58,"column":null}}]},"3":{"loc":{"start":{"line":55,"column":0},"end":{"line":55,"column":null}},"type":"binary-expr","locations":[{"start":{"line":55,"column":0},"end":{"line":55,"column":null}},{"start":{"line":55,"column":0},"end":{"line":55,"column":null}}]},"4":{"loc":{"start":{"line":60,"column":0},"end":{"line":62,"column":null}},"type":"if","locations":[{"start":{"line":60,"column":0},"end":{"line":62,"column":null}},{"start":{"line":60,"column":0},"end":{"line":62,"column":null}}]}},"s":{"0":1,"1":1,"2":1,"3":1,"4":1,"5":35,"6":3,"7":2,"8":2,"9":1,"10":5,"11":5,"12":22,"13":5,"14":2,"15":5,"16":1,"17":7,"18":1,"19":1,"20":1,"21":5},"f":{"0":35,"1":3,"2":2,"3":2,"4":5,"5":20,"6":1,"7":7,"8":1,"9":1,"10":5},"b":{"0":[35,18],"1":[3,2],"2":[2,3],"3":[20,10],"4":[2,3]}}
,"/Users/stuartharper/Documents/repos/vue-cert/src/views/Landing.vue": {"path":"/Users/stuartharper/Documents/repos/vue-cert/src/views/Landing.vue","statementMap":{"0":{"start":{"line":49,"column":0},"end":{"line":49,"column":null}},"1":{"start":{"line":54,"column":0},"end":{"line":54,"column":null}},"2":{"start":{"line":65,"column":0},"end":{"line":65,"column":null}},"3":{"start":{"line":66,"column":0},"end":{"line":66,"column":null}},"4":{"start":{"line":67,"column":0},"end":{"line":67,"column":null}},"5":{"start":{"line":68,"column":0},"end":{"line":68,"column":null}},"6":{"start":{"line":70,"column":0},"end":{"line":73,"column":null}},"7":{"start":{"line":71,"column":0},"end":{"line":71,"column":null}},"8":{"start":{"line":72,"column":0},"end":{"line":72,"column":null}},"9":{"start":{"line":75,"column":0},"end":{"line":78,"column":null}},"10":{"start":{"line":76,"column":0},"end":{"line":76,"column":null}},"11":{"start":{"line":77,"column":0},"end":{"line":77,"column":null}},"12":{"start":{"line":82,"column":0},"end":{"line":82,"column":null}},"13":{"start":{"line":83,"column":0},"end":{"line":85,"column":null}},"14":{"start":{"line":84,"column":0},"end":{"line":84,"column":null}},"15":{"start":{"line":88,"column":0},"end":{"line":88,"column":null}},"16":{"start":{"line":89,"column":0},"end":{"line":89,"column":null}}},"fnMap":{"0":{"name":"(anonymous_1)","decl":{"start":{"line":53,"column":0},"end":{"line":53,"column":null}},"loc":{"start":{"line":53,"column":0},"end":{"line":61,"column":null}}},"1":{"name":"(anonymous_2)","decl":{"start":{"line":64,"column":0},"end":{"line":64,"column":null}},"loc":{"start":{"line":64,"column":0},"end":{"line":80,"column":null}}},"2":{"name":"(anonymous_3)","decl":{"start":{"line":81,"column":0},"end":{"line":81,"column":null}},"loc":{"start":{"line":81,"column":0},"end":{"line":86,"column":null}}},"3":{"name":"(anonymous_4)","decl":{"start":{"line":83,"column":0},"end":{"line":83,"column":null}},"loc":{"start":{"line":83,"column":0},"end":{"line":85,"column":null}}},"4":{"name":"(anonymous_5)","decl":{"start":{"line":87,"column":0},"end":{"line":87,"column":null}},"loc":{"start":{"line":87,"column":0},"end":{"line":90,"column":null}}}},"branchMap":{"0":{"loc":{"start":{"line":70,"column":0},"end":{"line":73,"column":null}},"type":"if","locations":[{"start":{"line":70,"column":0},"end":{"line":73,"column":null}},{"start":{"line":70,"column":0},"end":{"line":73,"column":null}}]},"1":{"loc":{"start":{"line":75,"column":0},"end":{"line":78,"column":null}},"type":"if","locations":[{"start":{"line":75,"column":0},"end":{"line":78,"column":null}},{"start":{"line":75,"column":0},"end":{"line":78,"column":null}}]}},"s":{"0":1,"1":5,"2":58,"3":58,"4":58,"5":58,"6":58,"7":28,"8":28,"9":58,"10":46,"11":46,"12":1,"13":1,"14":0,"15":1,"16":1},"f":{"0":5,"1":58,"2":1,"3":0,"4":1},"b":{"0":[28,30],"1":[46,12]}}
,"/Users/stuartharper/Documents/repos/vue-cert/src/views/Search.vue": {"path":"/Users/stuartharper/Documents/repos/vue-cert/src/views/Search.vue","statementMap":{"0":{"start":{"line":13,"column":0},"end":{"line":13,"column":null}},"1":{"start":{"line":14,"column":0},"end":{"line":14,"column":null}},"2":{"start":{"line":15,"column":0},"end":{"line":15,"column":null}},"3":{"start":{"line":16,"column":0},"end":{"line":16,"column":null}},"4":{"start":{"line":26,"column":0},"end":{"line":26,"column":null}},"5":{"start":{"line":34,"column":0},"end":{"line":34,"column":null}}},"fnMap":{"0":{"name":"(anonymous_1)","decl":{"start":{"line":25,"column":0},"end":{"line":25,"column":null}},"loc":{"start":{"line":25,"column":0},"end":{"line":29,"column":null}}},"1":{"name":"(anonymous_2)","decl":{"start":{"line":33,"column":0},"end":{"line":33,"column":null}},"loc":{"start":{"line":33,"column":0},"end":{"line":35,"column":null}}}},"branchMap":{},"s":{"0":1,"1":1,"2":1,"3":1,"4":6,"5":3},"f":{"0":6,"1":3},"b":{}}
}
