TN:
SF:/Users/stuartharper/Documents/repos/vue-cert/src/App.vue
FNF:0
FNH:0
DA:9,1
LF:1
LH:1
BRF:0
BRH:0
end_of_record
TN:
SF:/Users/stuartharper/Documents/repos/vue-cert/src/components/Favorited.vue
FN:18,(anonymous_1)
FN:19,(anonymous_2)
FN:24,(anonymous_3)
FNF:3
FNH:3
FNDA:69,(anonymous_1)
FNDA:92,(anonymous_2)
FNDA:2,(anonymous_3)
DA:9,2
DA:19,161
DA:25,2
LF:3
LH:3
BRDA:25,0,0,1
BRDA:25,0,1,1
BRF:2
BRH:2
end_of_record
TN:
SF:/Users/stuartharper/Documents/repos/vue-cert/src/components/SearchBar.vue
FN:16,(anonymous_1)
FN:22,(anonymous_2)
FNF:2
FNH:2
FNDA:16,(anonymous_1)
FNDA:3,(anonymous_2)
DA:17,16
DA:23,3
DA:24,3
DA:25,4
LF:4
LH:4
BRDA:25,0,0,1
BRDA:25,0,1,2
BRF:2
BRH:2
end_of_record
TN:
SF:/Users/stuartharper/Documents/repos/vue-cert/src/components/SearchResultsAside.vue
FNF:0
FNH:0
DA:18,2
LF:1
LH:1
BRF:0
BRH:0
end_of_record
TN:
SF:/Users/stuartharper/Documents/repos/vue-cert/src/components/VideoPlayer.vue
FNF:0
FNH:0
DA:14,2
LF:1
LH:1
BRF:0
BRH:0
end_of_record
TN:
SF:/Users/stuartharper/Documents/repos/vue-cert/src/views/Favorites.vue
FN:28,(anonymous_1)
FN:35,(anonymous_2)
FN:42,(anonymous_3)
FN:45,(anonymous_4)
FN:51,(anonymous_5)
FN:55,(anonymous_6)
FN:75,(anonymous_7)
FN:79,(anonymous_8)
FN:87,(anonymous_9)
FN:91,(anonymous_10)
FN:94,(anonymous_11)
FNF:11
FNH:11
FNDA:35,(anonymous_1)
FNDA:3,(anonymous_2)
FNDA:2,(anonymous_3)
FNDA:2,(anonymous_4)
FNDA:5,(anonymous_5)
FNDA:20,(anonymous_6)
FNDA:1,(anonymous_7)
FNDA:7,(anonymous_8)
FNDA:1,(anonymous_9)
FNDA:1,(anonymous_10)
FNDA:5,(anonymous_11)
DA:22,1
DA:23,1
DA:24,1
DA:25,1
DA:27,1
DA:29,35
DA:36,3
DA:43,2
DA:46,2
DA:51,1
DA:52,5
DA:54,5
DA:55,22
DA:60,5
DA:61,2
DA:64,5
DA:76,1
DA:80,7
DA:88,1
DA:89,1
DA:92,1
DA:95,5
LF:22
LH:22
BRDA:29,0,0,35
BRDA:29,0,1,18
BRDA:36,1,0,3
BRDA:36,1,1,2
BRDA:54,2,0,2
BRDA:54,2,1,3
BRDA:55,3,0,20
BRDA:55,3,1,10
BRDA:60,4,0,2
BRDA:60,4,1,3
BRF:10
BRH:10
end_of_record
TN:
SF:/Users/stuartharper/Documents/repos/vue-cert/src/views/Landing.vue
FN:53,(anonymous_1)
FN:64,(anonymous_2)
FN:81,(anonymous_3)
FN:83,(anonymous_4)
FN:87,(anonymous_5)
FNF:5
FNH:4
FNDA:5,(anonymous_1)
FNDA:58,(anonymous_2)
FNDA:1,(anonymous_3)
FNDA:0,(anonymous_4)
FNDA:1,(anonymous_5)
DA:49,1
DA:54,5
DA:65,58
DA:66,58
DA:67,58
DA:68,58
DA:70,58
DA:71,28
DA:72,28
DA:75,58
DA:76,46
DA:77,46
DA:82,1
DA:83,1
DA:84,0
DA:88,1
DA:89,1
LF:17
LH:16
BRDA:70,0,0,28
BRDA:70,0,1,30
BRDA:75,1,0,46
BRDA:75,1,1,12
BRF:4
BRH:4
end_of_record
TN:
SF:/Users/stuartharper/Documents/repos/vue-cert/src/views/Search.vue
FN:25,(anonymous_1)
FN:33,(anonymous_2)
FNF:2
FNH:2
FNDA:6,(anonymous_1)
FNDA:3,(anonymous_2)
DA:13,1
DA:14,1
DA:15,1
DA:16,1
DA:26,6
DA:34,3
LF:6
LH:6
BRF:0
BRH:0
end_of_record
