TN:
SF:/Users/stuartharper/Documents/repos/vue-cert/src/App.vue
FNF:0
FNH:0
DA:9,1
LF:1
LH:1
BRF:0
BRH:0
end_of_record
TN:
SF:/Users/stuartharper/Documents/repos/vue-cert/src/components/Favorited.vue
FN:24,(anonymous_1)
FN:26,(anonymous_2)
FN:31,(anonymous_3)
FNF:3
FNH:3
FNDA:69,(anonymous_1)
FNDA:92,(anonymous_2)
FNDA:2,(anonymous_3)
DA:13,2
DA:26,161
DA:32,2
LF:3
LH:3
BRDA:32,0,0,1
BRDA:32,0,1,1
BRF:2
BRH:2
end_of_record
TN:
SF:/Users/stuartharper/Documents/repos/vue-cert/src/components/SearchBar.vue
FN:17,(anonymous_1)
FN:24,(anonymous_2)
FNF:2
FNH:2
FNDA:16,(anonymous_1)
FNDA:3,(anonymous_2)
DA:18,16
DA:25,3
DA:27,3
DA:28,4
LF:4
LH:4
BRDA:28,0,0,1
BRDA:28,0,1,2
BRF:2
BRH:2
end_of_record
TN:
SF:/Users/stuartharper/Documents/repos/vue-cert/src/components/SearchResultsAside.vue
FNF:0
FNH:0
DA:19,2
LF:1
LH:1
BRF:0
BRH:0
end_of_record
TN:
SF:/Users/stuartharper/Documents/repos/vue-cert/src/components/VideoPlayer.vue
FNF:0
FNH:0
DA:14,2
LF:1
LH:1
BRF:0
BRH:0
end_of_record
TN:
SF:/Users/stuartharper/Documents/repos/vue-cert/src/views/Favorites.vue
FN:33,(anonymous_1)
FN:40,(anonymous_2)
FN:47,(anonymous_3)
FN:50,(anonymous_4)
FN:53,(anonymous_5)
FN:56,(anonymous_6)
FN:62,(anonymous_7)
FN:68,(anonymous_8)
FN:88,(anonymous_9)
FN:93,(anonymous_10)
FN:101,(anonymous_11)
FN:105,(anonymous_12)
FN:108,(anonymous_13)
FNF:13
FNH:13
FNDA:35,(anonymous_1)
FNDA:3,(anonymous_2)
FNDA:4,(anonymous_3)
FNDA:3,(anonymous_4)
FNDA:2,(anonymous_5)
FNDA:2,(anonymous_6)
FNDA:5,(anonymous_7)
FNDA:20,(anonymous_8)
FNDA:1,(anonymous_9)
FNDA:7,(anonymous_10)
FNDA:1,(anonymous_11)
FNDA:1,(anonymous_12)
FNDA:7,(anonymous_13)
DA:26,1
DA:27,1
DA:28,1
DA:29,1
DA:32,1
DA:34,35
DA:41,3
DA:48,4
DA:51,3
DA:54,2
DA:57,2
DA:62,1
DA:64,5
DA:66,5
DA:68,22
DA:73,5
DA:74,2
DA:77,5
DA:89,1
DA:94,7
DA:102,1
DA:103,1
DA:106,1
DA:109,7
LF:24
LH:24
BRDA:34,0,0,35
BRDA:34,0,1,18
BRDA:41,1,0,3
BRDA:41,1,1,2
BRDA:66,2,0,2
BRDA:66,2,1,3
BRDA:68,3,0,20
BRDA:68,3,1,10
BRDA:73,4,0,2
BRDA:73,4,1,3
BRF:10
BRH:10
end_of_record
TN:
SF:/Users/stuartharper/Documents/repos/vue-cert/src/views/Landing.vue
FN:54,(anonymous_1)
FN:65,(anonymous_2)
FN:82,(anonymous_3)
FN:84,(anonymous_4)
FN:88,(anonymous_5)
FNF:5
FNH:4
FNDA:5,(anonymous_1)
FNDA:58,(anonymous_2)
FNDA:1,(anonymous_3)
FNDA:0,(anonymous_4)
FNDA:1,(anonymous_5)
DA:50,1
DA:55,5
DA:66,58
DA:67,58
DA:68,58
DA:69,58
DA:71,58
DA:72,28
DA:73,28
DA:76,58
DA:77,46
DA:78,46
DA:83,1
DA:84,1
DA:85,0
DA:89,1
DA:91,1
LF:17
LH:16
BRDA:71,0,0,28
BRDA:71,0,1,30
BRDA:76,1,0,46
BRDA:76,1,1,12
BRF:4
BRH:4
end_of_record
TN:
SF:/Users/stuartharper/Documents/repos/vue-cert/src/views/Search.vue
FN:25,(anonymous_1)
FN:34,(anonymous_2)
FNF:2
FNH:2
FNDA:6,(anonymous_1)
FNDA:3,(anonymous_2)
DA:13,1
DA:14,1
DA:15,1
DA:16,1
DA:26,6
DA:35,3
LF:6
LH:6
BRF:0
BRH:0
end_of_record
